<?xml version="1.0" encoding="UTF-8"?>
<!-- Generated by org.testng.reporters.JUnitReportReporter -->
<testsuite hostname="DESKTOP-MMTBT43" failures="0" tests="1" name="com.webtest.demo.Front_Login1" time="16.783" errors="0" timestamp="10 10æœˆ 2018 07:21:38 GMT" skipped="0">
  <testcase classname="com.webtest.demo.Front_Login1" name="testSearch" time="16.783"/>
</testsuite> <!-- com.webtest.demo.Front_Login1 -->
